<!DOCTYPE html>
<html>
  <head>
    <meta charset="utf-8"/>
    <title>Test Report</title>
    <link href="assets/style.css" rel="stylesheet" type="text/css"/></head>
  <body onLoad="init()">
    <script>/* This Source Code Form is subject to the terms of the Mozilla Public
 * License, v. 2.0. If a copy of the MPL was not distributed with this file,
 * You can obtain one at http://mozilla.org/MPL/2.0/. */


function toArray(iter) {
    if (iter === null) {
        return null;
    }
    return Array.prototype.slice.call(iter);
}

function find(selector, elem) {
    if (!elem) {
        elem = document;
    }
    return elem.querySelector(selector);
}

function find_all(selector, elem) {
    if (!elem) {
        elem = document;
    }
    return toArray(elem.querySelectorAll(selector));
}

function sort_column(elem) {
    toggle_sort_states(elem);
    var colIndex = toArray(elem.parentNode.childNodes).indexOf(elem);
    var key;
    if (elem.classList.contains('numeric')) {
        key = key_num;
    } else if (elem.classList.contains('result')) {
        key = key_result;
    } else {
        key = key_alpha;
    }
    sort_table(elem, key(colIndex));
}

function show_all_extras() {
    find_all('.col-result').forEach(show_extras);
}

function hide_all_extras() {
    find_all('.col-result').forEach(hide_extras);
}

function show_extras(colresult_elem) {
    var extras = colresult_elem.parentNode.nextElementSibling;
    var expandcollapse = colresult_elem.firstElementChild;
    extras.classList.remove("collapsed");
    expandcollapse.classList.remove("expander");
    expandcollapse.classList.add("collapser");
}

function hide_extras(colresult_elem) {
    var extras = colresult_elem.parentNode.nextElementSibling;
    var expandcollapse = colresult_elem.firstElementChild;
    extras.classList.add("collapsed");
    expandcollapse.classList.remove("collapser");
    expandcollapse.classList.add("expander");
}

function show_filters() {
    var filter_items = document.getElementsByClassName('filter');
    for (var i = 0; i < filter_items.length; i++)
        filter_items[i].hidden = false;
}

function add_collapse() {
    // Add links for show/hide all
    var resulttable = find('table#results-table');
    var showhideall = document.createElement("p");
    showhideall.innerHTML = '<a href="javascript:show_all_extras()">Show all details</a> / ' +
                            '<a href="javascript:hide_all_extras()">Hide all details</a>';
    resulttable.parentElement.insertBefore(showhideall, resulttable);

    // Add show/hide link to each result
    find_all('.col-result').forEach(function(elem) {
        var collapsed = get_query_parameter('collapsed') || 'Passed';
        var extras = elem.parentNode.nextElementSibling;
        var expandcollapse = document.createElement("span");
        if (collapsed.includes(elem.innerHTML)) {
            extras.classList.add("collapsed");
            expandcollapse.classList.add("expander");
        } else {
            expandcollapse.classList.add("collapser");
        }
        elem.appendChild(expandcollapse);

        elem.addEventListener("click", function(event) {
            if (event.currentTarget.parentNode.nextElementSibling.classList.contains("collapsed")) {
                show_extras(event.currentTarget);
            } else {
                hide_extras(event.currentTarget);
            }
        });
    })
}

function get_query_parameter(name) {
    var match = RegExp('[?&]' + name + '=([^&]*)').exec(window.location.search);
    return match && decodeURIComponent(match[1].replace(/\+/g, ' '));
}

function init () {
    reset_sort_headers();

    add_collapse();

    show_filters();

    toggle_sort_states(find('.initial-sort'));

    find_all('.sortable').forEach(function(elem) {
        elem.addEventListener("click",
                              function(event) {
                                  sort_column(elem);
                              }, false)
    });

};

function sort_table(clicked, key_func) {
    var rows = find_all('.results-table-row');
    var reversed = !clicked.classList.contains('asc');
    var sorted_rows = sort(rows, key_func, reversed);
    /* Whole table is removed here because browsers acts much slower
     * when appending existing elements.
     */
    var thead = document.getElementById("results-table-head");
    document.getElementById('results-table').remove();
    var parent = document.createElement("table");
    parent.id = "results-table";
    parent.appendChild(thead);
    sorted_rows.forEach(function(elem) {
        parent.appendChild(elem);
    });
    document.getElementsByTagName("BODY")[0].appendChild(parent);
}

function sort(items, key_func, reversed) {
    var sort_array = items.map(function(item, i) {
        return [key_func(item), i];
    });
    var multiplier = reversed ? -1 : 1;

    sort_array.sort(function(a, b) {
        var key_a = a[0];
        var key_b = b[0];
        return multiplier * (key_a >= key_b ? 1 : -1);
    });

    return sort_array.map(function(item) {
        var index = item[1];
        return items[index];
    });
}

function key_alpha(col_index) {
    return function(elem) {
        return elem.childNodes[1].childNodes[col_index].firstChild.data.toLowerCase();
    };
}

function key_num(col_index) {
    return function(elem) {
        return parseFloat(elem.childNodes[1].childNodes[col_index].firstChild.data);
    };
}

function key_result(col_index) {
    return function(elem) {
        var strings = ['Error', 'Failed', 'Rerun', 'XFailed', 'XPassed',
                       'Skipped', 'Passed'];
        return strings.indexOf(elem.childNodes[1].childNodes[col_index].firstChild.data);
    };
}

function reset_sort_headers() {
    find_all('.sort-icon').forEach(function(elem) {
        elem.parentNode.removeChild(elem);
    });
    find_all('.sortable').forEach(function(elem) {
        var icon = document.createElement("div");
        icon.className = "sort-icon";
        icon.textContent = "vvv";
        elem.insertBefore(icon, elem.firstChild);
        elem.classList.remove("desc", "active");
        elem.classList.add("asc", "inactive");
    });
}

function toggle_sort_states(elem) {
    //if active, toggle between asc and desc
    if (elem.classList.contains('active')) {
        elem.classList.toggle('asc');
        elem.classList.toggle('desc');
    }

    //if inactive, reset all other functions and add ascending active
    if (elem.classList.contains('inactive')) {
        reset_sort_headers();
        elem.classList.remove('inactive');
        elem.classList.add('active');
    }
}

function is_all_rows_hidden(value) {
  return value.hidden == false;
}

function filter_table(elem) {
    var outcome_att = "data-test-result";
    var outcome = elem.getAttribute(outcome_att);
    class_outcome = outcome + " results-table-row";
    var outcome_rows = document.getElementsByClassName(class_outcome);

    for(var i = 0; i < outcome_rows.length; i++){
        outcome_rows[i].hidden = !elem.checked;
    }

    var rows = find_all('.results-table-row').filter(is_all_rows_hidden);
    var all_rows_hidden = rows.length == 0 ? true : false;
    var not_found_message = document.getElementById("not-found-message");
    not_found_message.hidden = !all_rows_hidden;
}
</script>
    <h1>report_Jan13_18-49.html</h1>
    <p>Report generated on 13-Jan-2019 at 18:50:20 by<a href="https://pypi.python.org/pypi/pytest-html"> pytest-html</a> v1.19.0</p>
    <h2>Environment</h2>
    <table id="environment">
      <tr>
        <td>Packages</td>
        <td>{&apos;py&apos;: &apos;1.7.0&apos;, &apos;pytest&apos;: &apos;4.0.2&apos;, &apos;pluggy&apos;: &apos;0.8.0&apos;}</td></tr>
      <tr>
        <td>Platform</td>
        <td>Darwin-18.2.0-x86_64-i386-64bit</td></tr>
      <tr>
        <td>Plugins</td>
        <td>{&apos;bdd&apos;: &apos;3.0.1&apos;, &apos;cov&apos;: &apos;2.6.0&apos;, &apos;xdist&apos;: &apos;1.25.0&apos;, &apos;html&apos;: &apos;1.19.0&apos;, &apos;forked&apos;: &apos;0.2&apos;, &apos;metadata&apos;: &apos;1.8.0&apos;}</td></tr>
      <tr>
        <td>Python</td>
        <td>2.7.15</td></tr></table>
    <h2>Summary</h2>
    <p>1 tests ran in 21.07 seconds. </p>
    <p class="filter" hidden="true">(Un)check the boxes to filter the results.</p><input checked="true" class="filter" data-test-result="passed" disabled="true" hidden="true" name="filter_checkbox" onChange="filter_table(this)" type="checkbox"/><span class="passed">0 passed</span>, <input checked="true" class="filter" data-test-result="skipped" disabled="true" hidden="true" name="filter_checkbox" onChange="filter_table(this)" type="checkbox"/><span class="skipped">0 skipped</span>, <input checked="true" class="filter" data-test-result="failed" hidden="true" name="filter_checkbox" onChange="filter_table(this)" type="checkbox"/><span class="failed">1 failed</span>, <input checked="true" class="filter" data-test-result="error" disabled="true" hidden="true" name="filter_checkbox" onChange="filter_table(this)" type="checkbox"/><span class="error">0 errors</span>, <input checked="true" class="filter" data-test-result="xfailed" disabled="true" hidden="true" name="filter_checkbox" onChange="filter_table(this)" type="checkbox"/><span class="xfailed">0 expected failures</span>, <input checked="true" class="filter" data-test-result="xpassed" disabled="true" hidden="true" name="filter_checkbox" onChange="filter_table(this)" type="checkbox"/><span class="xpassed">0 unexpected passes</span>
    <h2>Results</h2>
    <table id="results-table">
      <thead id="results-table-head">
        <tr>
          <th class="sortable result initial-sort" col="result">Result</th>
          <th class="sortable" col="name">Test</th>
          <th class="sortable numeric" col="duration">Duration</th>
          <th>Links</th></tr>
        <tr hidden="true" id="not-found-message">
          <th colspan="4">No results found. Try to check the filters</th></tr></thead>
      <tbody class="failed results-table-row">
        <tr>
          <td class="col-result">Failed</td>
          <td class="col-name">tests/steps/test_login.py::test_already_logged_in</td>
          <td class="col-duration">19.76</td>
          <td class="col-links"></td></tr>
        <tr>
          <td class="extra" colspan="4">
            <div class="log">request = &lt;FixtureRequest for &lt;Function 'test_already_logged_in'&gt;&gt;<br/><br/>&gt;   ???<br/><br/>request    = &lt;FixtureRequest for &lt;Function 'test_already_logged_in'&gt;&gt;<br/><br/>tests/steps/test_login.py:49: <br/>_ _ _ _ _ _ _ _ _ _ _ _ _ _ _ _ _ _ _ _ _ _ _ _ _ _ _ _ _ _ _ _ _ _ _ _ _ _ _ _ <br/>../../Library/Python/2.7/lib/python/site-packages/pytest_bdd/scenario.py:194: in _execute_scenario<br/>    _execute_step_function(request, scenario, step, step_func)<br/>../../Library/Python/2.7/lib/python/site-packages/pytest_bdd/scenario.py:136: in _execute_step_function<br/>    step_func(**kwargs)<br/>_ _ _ _ _ _ _ _ _ _ _ _ _ _ _ _ _ _ _ _ _ _ _ _ _ _ _ _ _ _ _ _ _ _ _ _ _ _ _ _ <br/><br/>browser = &lt;selenium.webdriver.firefox.webdriver.WebDriver (session="66eae59f-51e6-6845-9920-66d82fc2e37e")&gt;, report_logger = &lt;logging.Logger object at 0x1022729d0&gt;<br/>account_page = '"account_page"'<br/><br/>    @then(parsers.parse('I should be redirected to my {account_page}'))<br/>    def redirected_to_acc(browser, report_logger, account_page):<br/>        report_logger.info("___current title %s" % browser.title)<br/>        report_logger.info("___current url %s" % browser.current_url)<br/>        assert EC.title_contains("My Account")<br/>&gt;       assert get_page_url('my_account_path') in browser.current_url<br/><span class="error">E       assert 'https://www.phptravels.net/account' in 'https://www.phptravels.net/en'</span><br/><span class="error">E        +  where 'https://www.phptravels.net/account' = get_page_url('my_account_path')</span><br/><span class="error">E        +  and   'https://www.phptravels.net/en' = &lt;selenium.webdriver.firefox.webdriver.WebDriver (session="66eae59f-51e6-6845-9920-66d82fc2e37e")&gt;.current_url</span><br/><br/>account_page = '"account_page"'<br/>browser    = &lt;selenium.webdriver.firefox.webdriver.WebDriver (session="66eae59f-51e6-6845-9920-66d82fc2e37e")&gt;<br/>report_logger = &lt;logging.Logger object at 0x1022729d0&gt;<br/><br/>tests/steps/test_login.py:155: AssertionError<br/>----------------------------- Captured stdout call -----------------------------<br/>__Finished setting up the logging...
___current session id 66eae59f-51e6-6845-9920-66d82fc2e37e___
___current title Login
___current url https://www.phptravels.net/login
___current title Login
___current url https://www.phptravels.net/login
Login authentication with email: user@phptravels.com  password: demouser
&lt;selenium.webdriver.firefox.webelement.FirefoxWebElement (session="66eae59f-51e6-6845-9920-66d82fc2e37e", element="b263fced-d619-1d49-be02-50d901f2d7ba")&gt; elem
Current time : Sun Jan 13 18:50:10 2019
we waited for 5 sec and now its : Sun Jan 13 18:50:13 2019
checking the url ...: https://www.phptravels.net/account/
current browser.title My Account
current title My Account
current url https://www.phptravels.net/account/
should be redirecting to account_page https://www.phptravels.net/account
current title My Account
current url https://www.phptravels.net/account
__!Exception raised_
Traceback (most recent call last):
  File "/Users/neev/PycharmProjects/testSite/tests/steps/test_login.py", line 91, in back_home
    EC.element_to_be_clickable((By.XPATH, ELEMENT_LOCATORS['my_account_dropdown']))).click()
  File "/Users/neev/Library/Python/2.7/lib/python/site-packages/selenium/webdriver/support/wait.py", line 80, in until
    raise TimeoutException(message, screen, stacktrace)
TimeoutException: Message: 

___current title PHPTRAVELS | Travel Technology Partner
___current url https://www.phptravels.net/en
----------------------------- Captured stderr call -----------------------------<br/>Traceback (most recent call last):
  File "/opt/local/Library/Frameworks/Python.framework/Versions/2.7/lib/python2.7/logging/__init__.py", line 868, in emit
    msg = self.format(record)
  File "/opt/local/Library/Frameworks/Python.framework/Versions/2.7/lib/python2.7/logging/__init__.py", line 741, in format
    return fmt.format(record)
  File "/opt/local/Library/Frameworks/Python.framework/Versions/2.7/lib/python2.7/logging/__init__.py", line 469, in format
    s = self._fmt % record.__dict__
ValueError: unsupported format character '(' (0x28) at index 36
Logged from file conftest.py, line 72
Traceback (most recent call last):
  File "/opt/local/Library/Frameworks/Python.framework/Versions/2.7/lib/python2.7/logging/__init__.py", line 868, in emit
    msg = self.format(record)
  File "/opt/local/Library/Frameworks/Python.framework/Versions/2.7/lib/python2.7/logging/__init__.py", line 741, in format
    return fmt.format(record)
  File "/opt/local/Library/Frameworks/Python.framework/Versions/2.7/lib/python2.7/logging/__init__.py", line 469, in format
    s = self._fmt % record.__dict__
ValueError: unsupported format character '(' (0x28) at index 36
Logged from file conftest.py, line 48
Traceback (most recent call last):
  File "/opt/local/Library/Frameworks/Python.framework/Versions/2.7/lib/python2.7/logging/__init__.py", line 868, in emit
    msg = self.format(record)
  File "/opt/local/Library/Frameworks/Python.framework/Versions/2.7/lib/python2.7/logging/__init__.py", line 741, in format
    return fmt.format(record)
  File "/opt/local/Library/Frameworks/Python.framework/Versions/2.7/lib/python2.7/logging/__init__.py", line 469, in format
    s = self._fmt % record.__dict__
ValueError: unsupported format character '(' (0x28) at index 36
Logged from file test_login.py, line 30
Traceback (most recent call last):
  File "/opt/local/Library/Frameworks/Python.framework/Versions/2.7/lib/python2.7/logging/__init__.py", line 868, in emit
    msg = self.format(record)
  File "/opt/local/Library/Frameworks/Python.framework/Versions/2.7/lib/python2.7/logging/__init__.py", line 741, in format
    return fmt.format(record)
  File "/opt/local/Library/Frameworks/Python.framework/Versions/2.7/lib/python2.7/logging/__init__.py", line 469, in format
    s = self._fmt % record.__dict__
ValueError: unsupported format character '(' (0x28) at index 36
Logged from file test_login.py, line 31
Traceback (most recent call last):
  File "/opt/local/Library/Frameworks/Python.framework/Versions/2.7/lib/python2.7/logging/__init__.py", line 868, in emit
    msg = self.format(record)
  File "/opt/local/Library/Frameworks/Python.framework/Versions/2.7/lib/python2.7/logging/__init__.py", line 741, in format
    return fmt.format(record)
  File "/opt/local/Library/Frameworks/Python.framework/Versions/2.7/lib/python2.7/logging/__init__.py", line 469, in format
    s = self._fmt % record.__dict__
ValueError: unsupported format character '(' (0x28) at index 36
Logged from file test_login.py, line 38
Traceback (most recent call last):
  File "/opt/local/Library/Frameworks/Python.framework/Versions/2.7/lib/python2.7/logging/__init__.py", line 868, in emit
    msg = self.format(record)
  File "/opt/local/Library/Frameworks/Python.framework/Versions/2.7/lib/python2.7/logging/__init__.py", line 741, in format
    return fmt.format(record)
  File "/opt/local/Library/Frameworks/Python.framework/Versions/2.7/lib/python2.7/logging/__init__.py", line 469, in format
    s = self._fmt % record.__dict__
ValueError: unsupported format character '(' (0x28) at index 36
Logged from file test_login.py, line 39
Traceback (most recent call last):
  File "/opt/local/Library/Frameworks/Python.framework/Versions/2.7/lib/python2.7/logging/__init__.py", line 868, in emit
    msg = self.format(record)
  File "/opt/local/Library/Frameworks/Python.framework/Versions/2.7/lib/python2.7/logging/__init__.py", line 741, in format
    return fmt.format(record)
  File "/opt/local/Library/Frameworks/Python.framework/Versions/2.7/lib/python2.7/logging/__init__.py", line 465, in format
    record.message = record.getMessage()
  File "/opt/local/Library/Frameworks/Python.framework/Versions/2.7/lib/python2.7/logging/__init__.py", line 329, in getMessage
    msg = msg % self.args
TypeError: not all arguments converted during string formatting
Logged from file test_login.py, line 41
Traceback (most recent call last):
  File "/opt/local/Library/Frameworks/Python.framework/Versions/2.7/lib/python2.7/logging/__init__.py", line 868, in emit
    msg = self.format(record)
  File "/opt/local/Library/Frameworks/Python.framework/Versions/2.7/lib/python2.7/logging/__init__.py", line 741, in format
    return fmt.format(record)
  File "/opt/local/Library/Frameworks/Python.framework/Versions/2.7/lib/python2.7/logging/__init__.py", line 465, in format
    record.message = record.getMessage()
  File "/opt/local/Library/Frameworks/Python.framework/Versions/2.7/lib/python2.7/logging/__init__.py", line 329, in getMessage
    msg = msg % self.args
TypeError: not all arguments converted during string formatting
Logged from file test_login.py, line 41
Traceback (most recent call last):
  File "/opt/local/Library/Frameworks/Python.framework/Versions/2.7/lib/python2.7/logging/__init__.py", line 868, in emit
    msg = self.format(record)
  File "/opt/local/Library/Frameworks/Python.framework/Versions/2.7/lib/python2.7/logging/__init__.py", line 741, in format
    return fmt.format(record)
  File "/opt/local/Library/Frameworks/Python.framework/Versions/2.7/lib/python2.7/logging/__init__.py", line 465, in format
    record.message = record.getMessage()
  File "/opt/local/Library/Frameworks/Python.framework/Versions/2.7/lib/python2.7/logging/__init__.py", line 329, in getMessage
    msg = msg % self.args
TypeError: not all arguments converted during string formatting
Logged from file test_login.py, line 41
Traceback (most recent call last):
  File "/opt/local/Library/Frameworks/Python.framework/Versions/2.7/lib/python2.7/logging/__init__.py", line 868, in emit
    msg = self.format(record)
  File "/opt/local/Library/Frameworks/Python.framework/Versions/2.7/lib/python2.7/logging/__init__.py", line 741, in format
    return fmt.format(record)
  File "/opt/local/Library/Frameworks/Python.framework/Versions/2.7/lib/python2.7/logging/__init__.py", line 465, in format
    record.message = record.getMessage()
  File "/opt/local/Library/Frameworks/Python.framework/Versions/2.7/lib/python2.7/logging/__init__.py", line 329, in getMessage
    msg = msg % self.args
TypeError: not all arguments converted during string formatting
Logged from file test_login.py, line 41
https://www.phptravels.net/login
Traceback (most recent call last):
  File "/opt/local/Library/Frameworks/Python.framework/Versions/2.7/lib/python2.7/logging/__init__.py", line 868, in emit
    msg = self.format(record)
  File "/opt/local/Library/Frameworks/Python.framework/Versions/2.7/lib/python2.7/logging/__init__.py", line 741, in format
    return fmt.format(record)
  File "/opt/local/Library/Frameworks/Python.framework/Versions/2.7/lib/python2.7/logging/__init__.py", line 469, in format
    s = self._fmt % record.__dict__
ValueError: unsupported format character '(' (0x28) at index 36
Logged from file test_login.py, line 111
Traceback (most recent call last):
  File "/opt/local/Library/Frameworks/Python.framework/Versions/2.7/lib/python2.7/logging/__init__.py", line 868, in emit
    msg = self.format(record)
  File "/opt/local/Library/Frameworks/Python.framework/Versions/2.7/lib/python2.7/logging/__init__.py", line 741, in format
    return fmt.format(record)
  File "/opt/local/Library/Frameworks/Python.framework/Versions/2.7/lib/python2.7/logging/__init__.py", line 469, in format
    s = self._fmt % record.__dict__
ValueError: unsupported format character '(' (0x28) at index 36
Logged from file test_login.py, line 115
Traceback (most recent call last):
  File "/opt/local/Library/Frameworks/Python.framework/Versions/2.7/lib/python2.7/logging/__init__.py", line 868, in emit
    msg = self.format(record)
  File "/opt/local/Library/Frameworks/Python.framework/Versions/2.7/lib/python2.7/logging/__init__.py", line 741, in format
    return fmt.format(record)
  File "/opt/local/Library/Frameworks/Python.framework/Versions/2.7/lib/python2.7/logging/__init__.py", line 469, in format
    s = self._fmt % record.__dict__
ValueError: unsupported format character '(' (0x28) at index 36
Logged from file test_login.py, line 123
Traceback (most recent call last):
  File "/opt/local/Library/Frameworks/Python.framework/Versions/2.7/lib/python2.7/logging/__init__.py", line 868, in emit
    msg = self.format(record)
  File "/opt/local/Library/Frameworks/Python.framework/Versions/2.7/lib/python2.7/logging/__init__.py", line 741, in format
    return fmt.format(record)
  File "/opt/local/Library/Frameworks/Python.framework/Versions/2.7/lib/python2.7/logging/__init__.py", line 469, in format
    s = self._fmt % record.__dict__
ValueError: unsupported format character '(' (0x28) at index 36
Logged from file test_login.py, line 125
Traceback (most recent call last):
  File "/opt/local/Library/Frameworks/Python.framework/Versions/2.7/lib/python2.7/logging/__init__.py", line 868, in emit
    msg = self.format(record)
  File "/opt/local/Library/Frameworks/Python.framework/Versions/2.7/lib/python2.7/logging/__init__.py", line 741, in format
    return fmt.format(record)
  File "/opt/local/Library/Frameworks/Python.framework/Versions/2.7/lib/python2.7/logging/__init__.py", line 469, in format
    s = self._fmt % record.__dict__
ValueError: unsupported format character '(' (0x28) at index 36
Logged from file test_login.py, line 128
Traceback (most recent call last):
  File "/opt/local/Library/Frameworks/Python.framework/Versions/2.7/lib/python2.7/logging/__init__.py", line 868, in emit
    msg = self.format(record)
  File "/opt/local/Library/Frameworks/Python.framework/Versions/2.7/lib/python2.7/logging/__init__.py", line 741, in format
    return fmt.format(record)
  File "/opt/local/Library/Frameworks/Python.framework/Versions/2.7/lib/python2.7/logging/__init__.py", line 469, in format
    s = self._fmt % record.__dict__
ValueError: unsupported format character '(' (0x28) at index 36
Logged from file test_login.py, line 43
Traceback (most recent call last):
  File "/opt/local/Library/Frameworks/Python.framework/Versions/2.7/lib/python2.7/logging/__init__.py", line 868, in emit
    msg = self.format(record)
  File "/opt/local/Library/Frameworks/Python.framework/Versions/2.7/lib/python2.7/logging/__init__.py", line 741, in format
    return fmt.format(record)
  File "/opt/local/Library/Frameworks/Python.framework/Versions/2.7/lib/python2.7/logging/__init__.py", line 469, in format
    s = self._fmt % record.__dict__
ValueError: unsupported format character '(' (0x28) at index 36
Logged from file test_login.py, line 65
Traceback (most recent call last):
  File "/opt/local/Library/Frameworks/Python.framework/Versions/2.7/lib/python2.7/logging/__init__.py", line 868, in emit
    msg = self.format(record)
  File "/opt/local/Library/Frameworks/Python.framework/Versions/2.7/lib/python2.7/logging/__init__.py", line 741, in format
    return fmt.format(record)
  File "/opt/local/Library/Frameworks/Python.framework/Versions/2.7/lib/python2.7/logging/__init__.py", line 469, in format
    s = self._fmt % record.__dict__
ValueError: unsupported format character '(' (0x28) at index 36
Logged from file test_login.py, line 66
Traceback (most recent call last):
  File "/opt/local/Library/Frameworks/Python.framework/Versions/2.7/lib/python2.7/logging/__init__.py", line 868, in emit
    msg = self.format(record)
  File "/opt/local/Library/Frameworks/Python.framework/Versions/2.7/lib/python2.7/logging/__init__.py", line 741, in format
    return fmt.format(record)
  File "/opt/local/Library/Frameworks/Python.framework/Versions/2.7/lib/python2.7/logging/__init__.py", line 469, in format
    s = self._fmt % record.__dict__
ValueError: unsupported format character '(' (0x28) at index 36
Logged from file test_login.py, line 69
Traceback (most recent call last):
  File "/opt/local/Library/Frameworks/Python.framework/Versions/2.7/lib/python2.7/logging/__init__.py", line 868, in emit
    msg = self.format(record)
  File "/opt/local/Library/Frameworks/Python.framework/Versions/2.7/lib/python2.7/logging/__init__.py", line 741, in format
    return fmt.format(record)
  File "/opt/local/Library/Frameworks/Python.framework/Versions/2.7/lib/python2.7/logging/__init__.py", line 469, in format
    s = self._fmt % record.__dict__
ValueError: unsupported format character '(' (0x28) at index 36
Logged from file test_login.py, line 79
Traceback (most recent call last):
  File "/opt/local/Library/Frameworks/Python.framework/Versions/2.7/lib/python2.7/logging/__init__.py", line 868, in emit
    msg = self.format(record)
  File "/opt/local/Library/Frameworks/Python.framework/Versions/2.7/lib/python2.7/logging/__init__.py", line 741, in format
    return fmt.format(record)
  File "/opt/local/Library/Frameworks/Python.framework/Versions/2.7/lib/python2.7/logging/__init__.py", line 469, in format
    s = self._fmt % record.__dict__
ValueError: unsupported format character '(' (0x28) at index 36
Logged from file test_login.py, line 80
Traceback (most recent call last):
  File "/opt/local/Library/Frameworks/Python.framework/Versions/2.7/lib/python2.7/logging/__init__.py", line 868, in emit
    msg = self.format(record)
  File "/opt/local/Library/Frameworks/Python.framework/Versions/2.7/lib/python2.7/logging/__init__.py", line 741, in format
    return fmt.format(record)
  File "/opt/local/Library/Frameworks/Python.framework/Versions/2.7/lib/python2.7/logging/__init__.py", line 469, in format
    s = self._fmt % record.__dict__
ValueError: unsupported format character '(' (0x28) at index 36
Logged from file test_login.py, line 96
Traceback (most recent call last):
  File "/opt/local/Library/Frameworks/Python.framework/Versions/2.7/lib/python2.7/logging/__init__.py", line 868, in emit
    msg = self.format(record)
  File "/opt/local/Library/Frameworks/Python.framework/Versions/2.7/lib/python2.7/logging/__init__.py", line 741, in format
    return fmt.format(record)
  File "/opt/local/Library/Frameworks/Python.framework/Versions/2.7/lib/python2.7/logging/__init__.py", line 469, in format
    s = self._fmt % record.__dict__
ValueError: unsupported format character '(' (0x28) at index 36
Logged from file test_login.py, line 152
Traceback (most recent call last):
  File "/opt/local/Library/Frameworks/Python.framework/Versions/2.7/lib/python2.7/logging/__init__.py", line 868, in emit
    msg = self.format(record)
  File "/opt/local/Library/Frameworks/Python.framework/Versions/2.7/lib/python2.7/logging/__init__.py", line 741, in format
    return fmt.format(record)
  File "/opt/local/Library/Frameworks/Python.framework/Versions/2.7/lib/python2.7/logging/__init__.py", line 469, in format
    s = self._fmt % record.__dict__
ValueError: unsupported format character '(' (0x28) at index 36
Logged from file test_login.py, line 153
------------------------------ Captured log call -------------------------------<br/>conftest.py                 72 INFO     __Finished setting up the logging...
remote_connection.py       388 DEBUG    POST http://127.0.0.1:51349/session {"capabilities": {"alwaysMatch": {"acceptInsecureCerts": true, "browserName": "firefox"}, "firstMatch": [{}]}, "desiredCapabilities": {"acceptInsecureCerts": true, "browserName": "firefox", "marionette": true}}
connectionpool.py          205 DEBUG    Starting new HTTP connection (1): 127.0.0.1:51349
connectionpool.py          393 DEBUG    http://127.0.0.1:51349 "POST /session HTTP/1.1" 200 585
remote_connection.py       440 DEBUG    Finished Request
conftest.py                 48 INFO     ___current session id 66eae59f-51e6-6845-9920-66d82fc2e37e___
remote_connection.py       388 DEBUG    POST http://127.0.0.1:51349/session/66eae59f-51e6-6845-9920-66d82fc2e37e/url {"url": "https://www.phptravels.net/login"}
connectionpool.py          393 DEBUG    http://127.0.0.1:51349 "POST /session/66eae59f-51e6-6845-9920-66d82fc2e37e/url HTTP/1.1" 200 14
remote_connection.py       440 DEBUG    Finished Request
remote_connection.py       388 DEBUG    GET http://127.0.0.1:51349/session/66eae59f-51e6-6845-9920-66d82fc2e37e/title {}
connectionpool.py          393 DEBUG    http://127.0.0.1:51349 "GET /session/66eae59f-51e6-6845-9920-66d82fc2e37e/title HTTP/1.1" 200 17
remote_connection.py       440 DEBUG    Finished Request
test_login.py               30 INFO     ___current title Login
remote_connection.py       388 DEBUG    GET http://127.0.0.1:51349/session/66eae59f-51e6-6845-9920-66d82fc2e37e/url {}
connectionpool.py          393 DEBUG    http://127.0.0.1:51349 "GET /session/66eae59f-51e6-6845-9920-66d82fc2e37e/url HTTP/1.1" 200 44
remote_connection.py       440 DEBUG    Finished Request
test_login.py               31 INFO     ___current url https://www.phptravels.net/login
remote_connection.py       388 DEBUG    GET http://127.0.0.1:51349/session/66eae59f-51e6-6845-9920-66d82fc2e37e/title {}
connectionpool.py          393 DEBUG    http://127.0.0.1:51349 "GET /session/66eae59f-51e6-6845-9920-66d82fc2e37e/title HTTP/1.1" 200 17
remote_connection.py       440 DEBUG    Finished Request
test_login.py               38 INFO     ___current title Login
remote_connection.py       388 DEBUG    GET http://127.0.0.1:51349/session/66eae59f-51e6-6845-9920-66d82fc2e37e/url {}
connectionpool.py          393 DEBUG    http://127.0.0.1:51349 "GET /session/66eae59f-51e6-6845-9920-66d82fc2e37e/url HTTP/1.1" 200 44
remote_connection.py       440 DEBUG    Finished Request
test_login.py               39 INFO     ___current url https://www.phptravels.net/login
remote_connection.py       388 DEBUG    GET http://127.0.0.1:51349/session/66eae59f-51e6-6845-9920-66d82fc2e37e/source {}
connectionpool.py          393 DEBUG    http://127.0.0.1:51349 "GET /session/66eae59f-51e6-6845-9920-66d82fc2e37e/source HTTP/1.1" 200 70315
remote_connection.py       440 DEBUG    Finished Request
remote_connection.py       388 DEBUG    GET http://127.0.0.1:51349/session/66eae59f-51e6-6845-9920-66d82fc2e37e/url {}
connectionpool.py          393 DEBUG    http://127.0.0.1:51349 "GET /session/66eae59f-51e6-6845-9920-66d82fc2e37e/url HTTP/1.1" 200 44
remote_connection.py       440 DEBUG    Finished Request
test_login.py              111 INFO     Login authentication with email: user@phptravels.com  password: demouser
remote_connection.py       388 DEBUG    POST http://127.0.0.1:51349/session/66eae59f-51e6-6845-9920-66d82fc2e37e/element {"using": "xpath", "value": "//input[@name='username']"}
connectionpool.py          393 DEBUG    http://127.0.0.1:51349 "POST /session/66eae59f-51e6-6845-9920-66d82fc2e37e/element HTTP/1.1" 200 88
remote_connection.py       440 DEBUG    Finished Request
remote_connection.py       388 DEBUG    POST http://127.0.0.1:51349/session/66eae59f-51e6-6845-9920-66d82fc2e37e/element/cd44624f-4f32-1c43-bed8-67e64d29efd8/value {"text": "user@phptravels.com", "id": "cd44624f-4f32-1c43-bed8-67e64d29efd8", "value": ["u", "s", "e", "r", "@", "p", "h", "p", "t", "r", "a", "v", "e", "l", "s", ".", "c", "o", "m"]}
connectionpool.py          393 DEBUG    http://127.0.0.1:51349 "POST /session/66eae59f-51e6-6845-9920-66d82fc2e37e/element/cd44624f-4f32-1c43-bed8-67e64d29efd8/value HTTP/1.1" 200 14
remote_connection.py       440 DEBUG    Finished Request
remote_connection.py       388 DEBUG    POST http://127.0.0.1:51349/session/66eae59f-51e6-6845-9920-66d82fc2e37e/element {"using": "xpath", "value": "//input[@name='password']"}
connectionpool.py          393 DEBUG    http://127.0.0.1:51349 "POST /session/66eae59f-51e6-6845-9920-66d82fc2e37e/element HTTP/1.1" 200 88
remote_connection.py       440 DEBUG    Finished Request
test_login.py              115 DEBUG    &lt;selenium.webdriver.firefox.webelement.FirefoxWebElement (session="66eae59f-51e6-6845-9920-66d82fc2e37e", element="b263fced-d619-1d49-be02-50d901f2d7ba")&gt; elem
remote_connection.py       388 DEBUG    POST http://127.0.0.1:51349/session/66eae59f-51e6-6845-9920-66d82fc2e37e/element/b263fced-d619-1d49-be02-50d901f2d7ba/value {"text": "demouser", "id": "b263fced-d619-1d49-be02-50d901f2d7ba", "value": ["d", "e", "m", "o", "u", "s", "e", "r"]}
connectionpool.py          393 DEBUG    http://127.0.0.1:51349 "POST /session/66eae59f-51e6-6845-9920-66d82fc2e37e/element/b263fced-d619-1d49-be02-50d901f2d7ba/value HTTP/1.1" 200 14
remote_connection.py       440 DEBUG    Finished Request
remote_connection.py       388 DEBUG    POST http://127.0.0.1:51349/session/66eae59f-51e6-6845-9920-66d82fc2e37e/element/b263fced-d619-1d49-be02-50d901f2d7ba/value {"text": "\ue006", "id": "b263fced-d619-1d49-be02-50d901f2d7ba", "value": ["\ue006"]}
connectionpool.py          393 DEBUG    http://127.0.0.1:51349 "POST /session/66eae59f-51e6-6845-9920-66d82fc2e37e/element/b263fced-d619-1d49-be02-50d901f2d7ba/value HTTP/1.1" 200 14
remote_connection.py       440 DEBUG    Finished Request
test_login.py              123 INFO     Current time : Sun Jan 13 18:50:10 2019
test_login.py              125 INFO     we waited for 5 sec and now its : Sun Jan 13 18:50:13 2019
remote_connection.py       388 DEBUG    GET http://127.0.0.1:51349/session/66eae59f-51e6-6845-9920-66d82fc2e37e/url {}
connectionpool.py          393 DEBUG    http://127.0.0.1:51349 "GET /session/66eae59f-51e6-6845-9920-66d82fc2e37e/url HTTP/1.1" 200 47
remote_connection.py       440 DEBUG    Finished Request
test_login.py              128 INFO     checking the url ...: https://www.phptravels.net/account/
remote_connection.py       388 DEBUG    GET http://127.0.0.1:51349/session/66eae59f-51e6-6845-9920-66d82fc2e37e/title {}
connectionpool.py          393 DEBUG    http://127.0.0.1:51349 "GET /session/66eae59f-51e6-6845-9920-66d82fc2e37e/title HTTP/1.1" 200 22
remote_connection.py       440 DEBUG    Finished Request
test_login.py               43 DEBUG    current browser.title My Account
remote_connection.py       388 DEBUG    GET http://127.0.0.1:51349/session/66eae59f-51e6-6845-9920-66d82fc2e37e/title {}
connectionpool.py          393 DEBUG    http://127.0.0.1:51349 "GET /session/66eae59f-51e6-6845-9920-66d82fc2e37e/title HTTP/1.1" 200 22
remote_connection.py       440 DEBUG    Finished Request
test_login.py               65 INFO     current title My Account
remote_connection.py       388 DEBUG    GET http://127.0.0.1:51349/session/66eae59f-51e6-6845-9920-66d82fc2e37e/url {}
connectionpool.py          393 DEBUG    http://127.0.0.1:51349 "GET /session/66eae59f-51e6-6845-9920-66d82fc2e37e/url HTTP/1.1" 200 47
remote_connection.py       440 DEBUG    Finished Request
test_login.py               66 INFO     current url https://www.phptravels.net/account/
remote_connection.py       388 DEBUG    POST http://127.0.0.1:51349/session/66eae59f-51e6-6845-9920-66d82fc2e37e/url {"url": "https://www.phptravels.net/account"}
connectionpool.py          393 DEBUG    http://127.0.0.1:51349 "POST /session/66eae59f-51e6-6845-9920-66d82fc2e37e/url HTTP/1.1" 200 14
remote_connection.py       440 DEBUG    Finished Request
remote_connection.py       388 DEBUG    GET http://127.0.0.1:51349/session/66eae59f-51e6-6845-9920-66d82fc2e37e/url {}
connectionpool.py          393 DEBUG    http://127.0.0.1:51349 "GET /session/66eae59f-51e6-6845-9920-66d82fc2e37e/url HTTP/1.1" 200 46
remote_connection.py       440 DEBUG    Finished Request
test_login.py               69 WARNING  should be redirecting to account_page https://www.phptravels.net/account
remote_connection.py       388 DEBUG    GET http://127.0.0.1:51349/session/66eae59f-51e6-6845-9920-66d82fc2e37e/title {}
connectionpool.py          393 DEBUG    http://127.0.0.1:51349 "GET /session/66eae59f-51e6-6845-9920-66d82fc2e37e/title HTTP/1.1" 200 22
remote_connection.py       440 DEBUG    Finished Request
remote_connection.py       388 DEBUG    GET http://127.0.0.1:51349/session/66eae59f-51e6-6845-9920-66d82fc2e37e/url {}
connectionpool.py          393 DEBUG    http://127.0.0.1:51349 "GET /session/66eae59f-51e6-6845-9920-66d82fc2e37e/url HTTP/1.1" 200 46
remote_connection.py       440 DEBUG    Finished Request
test_login.py               79 INFO     current title My Account
remote_connection.py       388 DEBUG    GET http://127.0.0.1:51349/session/66eae59f-51e6-6845-9920-66d82fc2e37e/url {}
connectionpool.py          393 DEBUG    http://127.0.0.1:51349 "GET /session/66eae59f-51e6-6845-9920-66d82fc2e37e/url HTTP/1.1" 200 46
remote_connection.py       440 DEBUG    Finished Request
test_login.py               80 INFO     current url https://www.phptravels.net/account
remote_connection.py       388 DEBUG    POST http://127.0.0.1:51349/session/66eae59f-51e6-6845-9920-66d82fc2e37e/url {"url": "https://www.phptravels.net/en"}
connectionpool.py          393 DEBUG    http://127.0.0.1:51349 "POST /session/66eae59f-51e6-6845-9920-66d82fc2e37e/url HTTP/1.1" 200 14
remote_connection.py       440 DEBUG    Finished Request
remote_connection.py       388 DEBUG    POST http://127.0.0.1:51349/session/66eae59f-51e6-6845-9920-66d82fc2e37e/element {"using": "xpath", "value": "//nav[contains(@class,'navbar-default')]//li[@id='li_myaccount']//a[contains(@class,'dropdown-toggle')]"}
connectionpool.py          393 DEBUG    http://127.0.0.1:51349 "POST /session/66eae59f-51e6-6845-9920-66d82fc2e37e/element HTTP/1.1" 404 381
remote_connection.py       440 DEBUG    Finished Request
remote_connection.py       388 DEBUG    POST http://127.0.0.1:51349/session/66eae59f-51e6-6845-9920-66d82fc2e37e/element {"using": "xpath", "value": "//nav[contains(@class,'navbar-default')]//li[@id='li_myaccount']//a[contains(@class,'dropdown-toggle')]"}
connectionpool.py          393 DEBUG    http://127.0.0.1:51349 "POST /session/66eae59f-51e6-6845-9920-66d82fc2e37e/element HTTP/1.1" 404 381
remote_connection.py       440 DEBUG    Finished Request
remote_connection.py       388 DEBUG    POST http://127.0.0.1:51349/session/66eae59f-51e6-6845-9920-66d82fc2e37e/element {"using": "xpath", "value": "//nav[contains(@class,'navbar-default')]//li[@id='li_myaccount']//a[contains(@class,'dropdown-toggle')]"}
connectionpool.py          393 DEBUG    http://127.0.0.1:51349 "POST /session/66eae59f-51e6-6845-9920-66d82fc2e37e/element HTTP/1.1" 404 381
remote_connection.py       440 DEBUG    Finished Request
remote_connection.py       388 DEBUG    POST http://127.0.0.1:51349/session/66eae59f-51e6-6845-9920-66d82fc2e37e/element {"using": "xpath", "value": "//nav[contains(@class,'navbar-default')]//li[@id='li_myaccount']//a[contains(@class,'dropdown-toggle')]"}
connectionpool.py          393 DEBUG    http://127.0.0.1:51349 "POST /session/66eae59f-51e6-6845-9920-66d82fc2e37e/element HTTP/1.1" 404 381
remote_connection.py       440 DEBUG    Finished Request
remote_connection.py       388 DEBUG    POST http://127.0.0.1:51349/session/66eae59f-51e6-6845-9920-66d82fc2e37e/element {"using": "xpath", "value": "//nav[contains(@class,'navbar-default')]//li[@id='li_myaccount']//a[contains(@class,'dropdown-toggle')]"}
connectionpool.py          393 DEBUG    http://127.0.0.1:51349 "POST /session/66eae59f-51e6-6845-9920-66d82fc2e37e/element HTTP/1.1" 404 381
remote_connection.py       440 DEBUG    Finished Request
remote_connection.py       388 DEBUG    POST http://127.0.0.1:51349/session/66eae59f-51e6-6845-9920-66d82fc2e37e/element {"using": "xpath", "value": "//nav[contains(@class,'navbar-default')]//li[@id='li_myaccount']//a[contains(@class,'dropdown-toggle')]"}
connectionpool.py          393 DEBUG    http://127.0.0.1:51349 "POST /session/66eae59f-51e6-6845-9920-66d82fc2e37e/element HTTP/1.1" 404 381
remote_connection.py       440 DEBUG    Finished Request
test_login.py               96 ERROR    __!Exception raised_
Traceback (most recent call last):
  File "/Users/neev/PycharmProjects/testSite/tests/steps/test_login.py", line 91, in back_home
    EC.element_to_be_clickable((By.XPATH, ELEMENT_LOCATORS['my_account_dropdown']))).click()
  File "/Users/neev/Library/Python/2.7/lib/python/site-packages/selenium/webdriver/support/wait.py", line 80, in until
    raise TimeoutException(message, screen, stacktrace)
TimeoutException: Message: 

remote_connection.py       388 DEBUG    GET http://127.0.0.1:51349/session/66eae59f-51e6-6845-9920-66d82fc2e37e/title {}
connectionpool.py          393 DEBUG    http://127.0.0.1:51349 "GET /session/66eae59f-51e6-6845-9920-66d82fc2e37e/title HTTP/1.1" 200 50
remote_connection.py       440 DEBUG    Finished Request
test_login.py              152 INFO     ___current title PHPTRAVELS | Travel Technology Partner
remote_connection.py       388 DEBUG    GET http://127.0.0.1:51349/session/66eae59f-51e6-6845-9920-66d82fc2e37e/url {}
connectionpool.py          393 DEBUG    http://127.0.0.1:51349 "GET /session/66eae59f-51e6-6845-9920-66d82fc2e37e/url HTTP/1.1" 200 41
remote_connection.py       440 DEBUG    Finished Request
test_login.py              153 INFO     ___current url https://www.phptravels.net/en
remote_connection.py       388 DEBUG    GET http://127.0.0.1:51349/session/66eae59f-51e6-6845-9920-66d82fc2e37e/url {}
connectionpool.py          393 DEBUG    http://127.0.0.1:51349 "GET /session/66eae59f-51e6-6845-9920-66d82fc2e37e/url HTTP/1.1" 200 41
remote_connection.py       440 DEBUG    Finished Request</div></td></tr></tbody></table></body></html>